<?xml version="1.0" encoding="UTF-8"?>
<!-- Generated by org.testng.reporters.JUnitReportReporter -->
<testsuite skipped="0" hostname="comp7" name="com.demo.demo1.Demo1ApplicationTests" tests="1" failures="0" timestamp="14 Jun 2019 11:26:11 GMT" time="0.023" errors="0">
  <testcase name="contextLoads" time="0.023" classname="com.demo.demo1.Demo1ApplicationTests"/>
</testsuite> <!-- com.demo.demo1.Demo1ApplicationTests -->
